<?xml version="1.0" encoding="UTF-8"?>
<testsuite xmlns:xsi="http://www.w3.org/2001/XMLSchema-instance" xsi:noNamespaceSchemaLocation="https://maven.apache.org/surefire/maven-surefire-plugin/xsd/surefire-test-report.xsd" version="3.0.2" name="com.safetynet.alerts.controller.FirstResponderControllerTest" time="0.192" tests="7" errors="0" skipped="0" failures="0">
  <properties>
[...]
</properties>
  <testcase name="getPersonInfo_shouldReturnOk" classname="com.safetynet.alerts.controller.FirstResponderControllerTest" time="0.056">
    <system-out><![CDATA[13:38:44.142 [main] INFO org.springframework.mock.web.MockServletContext -- Initializing Spring TestDispatcherServlet ''
13:38:44.142 [main] INFO org.springframework.test.web.servlet.TestDispatcherServlet -- Initializing Servlet ''
13:38:44.142 [main] INFO org.springframework.test.web.servlet.TestDispatcherServlet -- Completed initialization in 0 ms
13:38:44.159 [main] INFO com.safetynet.alerts.controller.FirstResponderController -- GET /personInfo - Retrieving person info for lastName Doe
13:38:44.159 [main] INFO com.safetynet.alerts.controller.FirstResponderController -- Successfully retrieved person info for lastName Doe
]]></system-out>
  </testcase>
  <testcase name="getPeopleByStation_shouldReturnOk" classname="com.safetynet.alerts.controller.FirstResponderControllerTest" time="0.028">
    <system-out><![CDATA[13:38:44.166 [main] INFO org.springframework.mock.web.MockServletContext -- Initializing Spring TestDispatcherServlet ''
13:38:44.166 [main] INFO org.springframework.test.web.servlet.TestDispatcherServlet -- Initializing Servlet ''
13:38:44.166 [main] INFO org.springframework.test.web.servlet.TestDispatcherServlet -- Completed initialization in 0 ms
13:38:44.187 [main] INFO com.safetynet.alerts.controller.FirstResponderController -- GET /firestation - Retrieving people for station 1
13:38:44.187 [main] INFO com.safetynet.alerts.controller.FirstResponderController -- Successfully retrieved people for station 1
]]></system-out>
  </testcase>
  <testcase name="getChildrenByAddress_shouldReturnOk" classname="com.safetynet.alerts.controller.FirstResponderControllerTest" time="0.021">
    <system-out><![CDATA[13:38:44.194 [main] INFO org.springframework.mock.web.MockServletContext -- Initializing Spring TestDispatcherServlet ''
13:38:44.195 [main] INFO org.springframework.test.web.servlet.TestDispatcherServlet -- Initializing Servlet ''
13:38:44.195 [main] INFO org.springframework.test.web.servlet.TestDispatcherServlet -- Completed initialization in 0 ms
13:38:44.210 [main] INFO com.safetynet.alerts.controller.FirstResponderController -- GET /childAlert - Retrieving children for address 1509 Culver St
13:38:44.210 [main] INFO com.safetynet.alerts.controller.FirstResponderController -- Child alert lookup completed for address 1509 Culver St
]]></system-out>
  </testcase>
  <testcase name="getResidentEmails_shouldReturnOk" classname="com.safetynet.alerts.controller.FirstResponderControllerTest" time="0.021">
    <system-out><![CDATA[13:38:44.215 [main] INFO org.springframework.mock.web.MockServletContext -- Initializing Spring TestDispatcherServlet ''
13:38:44.215 [main] INFO org.springframework.test.web.servlet.TestDispatcherServlet -- Initializing Servlet ''
13:38:44.215 [main] INFO org.springframework.test.web.servlet.TestDispatcherServlet -- Completed initialization in 0 ms
13:38:44.230 [main] INFO com.safetynet.alerts.controller.FirstResponderController -- GET /communityEmail - Retrieving resident emails for city Culver
13:38:44.230 [main] INFO com.safetynet.alerts.controller.FirstResponderController -- Successfully retrieved resident emails for city Culver
]]></system-out>
  </testcase>
  <testcase name="getPhonesPerStation_shouldReturnOk" classname="com.safetynet.alerts.controller.FirstResponderControllerTest" time="0.019">
    <system-out><![CDATA[13:38:44.236 [main] INFO org.springframework.mock.web.MockServletContext -- Initializing Spring TestDispatcherServlet ''
13:38:44.236 [main] INFO org.springframework.test.web.servlet.TestDispatcherServlet -- Initializing Servlet ''
13:38:44.236 [main] INFO org.springframework.test.web.servlet.TestDispatcherServlet -- Completed initialization in 0 ms
13:38:44.250 [main] INFO com.safetynet.alerts.controller.FirstResponderController -- GET /phoneAlert - Retrieving phone numbers for station 2
13:38:44.250 [main] INFO com.safetynet.alerts.controller.FirstResponderController -- Phone alert lookup completed for station 2
]]></system-out>
  </testcase>
  <testcase name="getHouseholdsByFirestation_shouldReturnOk" classname="com.safetynet.alerts.controller.FirstResponderControllerTest" time="0.022">
    <system-out><![CDATA[13:38:44.255 [main] INFO org.springframework.mock.web.MockServletContext -- Initializing Spring TestDispatcherServlet ''
13:38:44.255 [main] INFO org.springframework.test.web.servlet.TestDispatcherServlet -- Initializing Servlet ''
13:38:44.255 [main] INFO org.springframework.test.web.servlet.TestDispatcherServlet -- Completed initialization in 0 ms
13:38:44.272 [main] INFO com.safetynet.alerts.controller.FirstResponderController -- GET /flood - Retrieving households for station(s) [1, 2]
13:38:44.272 [main] INFO com.safetynet.alerts.controller.FirstResponderController -- Successfully retrieved households for station(s) [1, 2]
]]></system-out>
  </testcase>
  <testcase name="getResidentsPerAddress_shouldReturnOk" classname="com.safetynet.alerts.controller.FirstResponderControllerTest" time="0.022">
    <system-out><![CDATA[13:38:44.279 [main] INFO org.springframework.mock.web.MockServletContext -- Initializing Spring TestDispatcherServlet ''
13:38:44.279 [main] INFO org.springframework.test.web.servlet.TestDispatcherServlet -- Initializing Servlet ''
13:38:44.279 [main] INFO org.springframework.test.web.servlet.TestDispatcherServlet -- Completed initialization in 0 ms
13:38:44.294 [main] INFO com.safetynet.alerts.controller.FirstResponderController -- GET /fire - Retrieving residents for address 29 15th St
13:38:44.295 [main] INFO com.safetynet.alerts.controller.FirstResponderController -- Successfully retrieved residents for address 29 15th St
]]></system-out>
  </testcase>
</testsuite>