<?xml version="1.0" encoding="UTF-8"?>
<testsuite xmlns:xsi="http://www.w3.org/2001/XMLSchema-instance" xsi:noNamespaceSchemaLocation="https://maven.apache.org/surefire/maven-surefire-plugin/xsd/surefire-test-report.xsd" version="3.0.2" name="com.safetynet.alerts.controller.FirestationControllerTest" time="1.329" tests="0" errors="0" skipped="0" failures="0">
  <properties>
[...]
</properties>
  <testcase name="postFirestation_createsMapping" classname="com.safetynet.alerts.controller.FirestationControllerTest" time="1.098">
    <system-out><![CDATA[13:36:26.617 [main] INFO org.springframework.mock.web.MockServletContext -- Initializing Spring TestDispatcherServlet ''
13:36:26.618 [main] INFO org.springframework.test.web.servlet.TestDispatcherServlet -- Initializing Servlet ''
13:36:26.620 [main] INFO org.springframework.test.web.servlet.TestDispatcherServlet -- Completed initialization in 1 ms
13:36:26.766 [main] INFO com.safetynet.alerts.controller.FirestationController -- Received request: POST /firestations - Adding new firestation
13:36:26.769 [main] INFO com.safetynet.alerts.controller.FirestationController -- Created firestation: address=1509 Culver St, station=3
]]></system-out>
    <system-err><![CDATA[Mockito is currently self-attaching to enable the inline-mock-maker. This will no longer work in future releases of the JDK. Please add Mockito as an agent to your build as described in Mockito's documentation: https://javadoc.io/doc/org.mockito/mockito-core/latest/org.mockito/org/mockito/Mockito.html#0.3
WARNING: A Java agent has been loaded dynamically (/Users/annerutecki/.m2/repository/net/bytebuddy/byte-buddy-agent/1.17.8/byte-buddy-agent-1.17.8.jar)
WARNING: If a serviceability tool is in use, please run with -XX:+EnableDynamicAgentLoading to hide this warning
WARNING: If a serviceability tool is not in use, please run with -Djdk.instrument.traceUsage for more information
WARNING: Dynamic loading of agents will be disallowed by default in a future release
]]></system-err>
  </testcase>
  <testcase name="getFirestations_returnsAllMappings" classname="com.safetynet.alerts.controller.FirestationControllerTest" time="0.016">
    <system-out><![CDATA[13:36:26.821 [main] INFO org.springframework.mock.web.MockServletContext -- Initializing Spring TestDispatcherServlet ''
13:36:26.821 [main] INFO org.springframework.test.web.servlet.TestDispatcherServlet -- Initializing Servlet ''
13:36:26.822 [main] INFO org.springframework.test.web.servlet.TestDispatcherServlet -- Completed initialization in 0 ms
13:36:26.822 [main] INFO com.safetynet.alerts.controller.FirestationController -- Received request: GET /firestations - Fetching all firestations
]]></system-out>
  </testcase>
  <testcase name="put_invalidStation_returnsBadRequest" classname="PUT /firestations/address/{address}" time="0.012">
    <system-out><![CDATA[13:36:26.839 [main] INFO org.springframework.mock.web.MockServletContext -- Initializing Spring TestDispatcherServlet ''
13:36:26.839 [main] INFO org.springframework.test.web.servlet.TestDispatcherServlet -- Initializing Servlet ''
13:36:26.840 [main] INFO org.springframework.test.web.servlet.TestDispatcherServlet -- Completed initialization in 1 ms
13:36:26.844 [main] INFO com.safetynet.alerts.controller.FirestationController -- Received request: PUT /firestations/address/1509 Culver St - Updating station number
13:36:26.844 [main] WARN com.safetynet.alerts.controller.FirestationController -- Invalid request body for updating firestation at address={}: station field is missing or blank
13:36:26.846 [main] INFO com.safetynet.alerts.controller.FirestationController -- Received request: PUT /firestations/address/1509 Culver St - Updating station number
13:36:26.846 [main] WARN com.safetynet.alerts.controller.FirestationController -- Invalid request body for updating firestation at address={}: station field is missing or blank
]]></system-out>
  </testcase>
  <testcase name="put_missingAddress_returnsNotFound" classname="PUT /firestations/address/{address}" time="0.01">
    <system-out><![CDATA[13:36:26.852 [main] INFO org.springframework.mock.web.MockServletContext -- Initializing Spring TestDispatcherServlet ''
13:36:26.852 [main] INFO org.springframework.test.web.servlet.TestDispatcherServlet -- Initializing Servlet ''
13:36:26.852 [main] INFO org.springframework.test.web.servlet.TestDispatcherServlet -- Completed initialization in 0 ms
13:36:26.855 [main] INFO com.safetynet.alerts.controller.FirestationController -- Received request: PUT /firestations/address/Unknown - Updating station number
13:36:26.856 [main] WARN com.safetynet.alerts.controller.FirestationController -- No firestation mapping found for update at address=Unknown
]]></system-out>
  </testcase>
  <testcase name="put_updatesStation" classname="PUT /firestations/address/{address}" time="0.009">
    <system-out><![CDATA[13:36:26.862 [main] INFO org.springframework.mock.web.MockServletContext -- Initializing Spring TestDispatcherServlet ''
13:36:26.862 [main] INFO org.springframework.test.web.servlet.TestDispatcherServlet -- Initializing Servlet ''
13:36:26.862 [main] INFO org.springframework.test.web.servlet.TestDispatcherServlet -- Completed initialization in 0 ms
13:36:26.865 [main] INFO com.safetynet.alerts.controller.FirestationController -- Received request: PUT /firestations/address/1509 Culver St - Updating station number
13:36:26.865 [main] INFO com.safetynet.alerts.controller.FirestationController -- Successfully updated station for address=1509 Culver St to station=5
]]></system-out>
  </testcase>
  <testcase name="put_serviceThrowsIllegalArgument_returnsBadRequest" classname="PUT /firestations/address/{address}" time="0.009">
    <system-out><![CDATA[13:36:26.871 [main] INFO org.springframework.mock.web.MockServletContext -- Initializing Spring TestDispatcherServlet ''
13:36:26.871 [main] INFO org.springframework.test.web.servlet.TestDispatcherServlet -- Initializing Servlet ''
13:36:26.871 [main] INFO org.springframework.test.web.servlet.TestDispatcherServlet -- Completed initialization in 0 ms
13:36:26.875 [main] INFO com.safetynet.alerts.controller.FirestationController -- Received request: PUT /firestations/address/1509 Culver St - Updating station number
13:36:26.875 [main] ERROR com.safetynet.alerts.controller.FirestationController -- Bad request while updating firestation at address=1509 Culver St: Invalid station number
]]></system-out>
  </testcase>
  <testcase name="delete_missingMapping_returnsNotFound" classname="DELETE /firestations/{address}" time="0.008">
    <system-out><![CDATA[13:36:26.887 [main] INFO org.springframework.mock.web.MockServletContext -- Initializing Spring TestDispatcherServlet ''
13:36:26.887 [main] INFO org.springframework.test.web.servlet.TestDispatcherServlet -- Initializing Servlet ''
13:36:26.887 [main] INFO org.springframework.test.web.servlet.TestDispatcherServlet -- Completed initialization in 0 ms
13:36:26.889 [main] INFO com.safetynet.alerts.controller.FirestationController -- Received request: DELETE /firestations/Unknown - Deleting firestation mapping
13:36:26.889 [main] WARN com.safetynet.alerts.controller.FirestationController -- No firestation mapping found to delete for address=Unknown
]]></system-out>
  </testcase>
  <testcase name="delete_existingMapping_returnsOk" classname="DELETE /firestations/{address}" time="0.008">
    <system-out><![CDATA[13:36:26.895 [main] INFO org.springframework.mock.web.MockServletContext -- Initializing Spring TestDispatcherServlet ''
13:36:26.895 [main] INFO org.springframework.test.web.servlet.TestDispatcherServlet -- Initializing Servlet ''
13:36:26.895 [main] INFO org.springframework.test.web.servlet.TestDispatcherServlet -- Completed initialization in 0 ms
13:36:26.896 [main] INFO com.safetynet.alerts.controller.FirestationController -- Received request: DELETE /firestations/1509 Culver St - Deleting firestation mapping
13:36:26.897 [main] INFO com.safetynet.alerts.controller.FirestationController -- Successfully deleted firestation mapping for address=1509 Culver St
]]></system-out>
  </testcase>
</testsuite>